2023-04-25 13:56:16,471 [PID 18819] INFO No binary specified, looking for `pyre.bin` in PATH
2023-04-25 13:56:16,472 [PID 18819] INFO Could not determine the number of Pyre workers from configuration. Auto-set the value to 3.
2023-04-25 13:56:16,533 [PID 18819] INFO No typeshed specified, looking for it...
2023-04-25 13:56:16,533 [PID 18819] INFO Found: `/Users/jwu/.venv/dev-mpp/lib/pyre_check/typeshed`
2023-04-25 13:56:16,538 [PID 18819] INFO Writing arguments into /var/folders/95/9hy390h54g71pnyy7fmn4q4r0000gp/T/pyre_arguments_ds12onyq.json...
2023-04-25 13:56:16,538 [PID 18819] DEBUG Arguments:
{
  "source_paths": {
    "kind": "simple",
    "paths": [
      "/Users/jwu/cbpp_project/mpp"
    ]
  },
  "search_paths": [
    "/Users/jwu/Library/Python/3.9/lib/python/site-packages$ipykernel",
    "/Users/jwu/Library/Python/3.9/lib/python/site-packages$charset_normalizer",
    "/Users/jwu/Library/Python/3.9/lib/python/site-packages$uri_template",
    "/Users/jwu/Library/Python/3.9/lib/python/site-packages$_pytest",
    "/Users/jwu/Library/Python/3.9/lib/python/site-packages$more_itertools",
    "/Users/jwu/Library/Python/3.9/lib/python/site-packages$stack_data",
    "/Users/jwu/Library/Python/3.9/lib/python/site-packages$humanize",
    "/Users/jwu/.venv/dev-mpp/lib/python3.9/site-packages$testslide",
    "/Users/jwu/Library/Python/3.9/lib/python/site-packages$kiwisolver",
    "/Users/jwu/Library/Python/3.9/lib/python/site-packages$platformdirs",
    "/Users/jwu/Library/Python/3.9/lib/python/site-packages$nbclient",
    "/Users/jwu/Library/Python/3.9/lib/python/site-packages$iniconfig",
    "/Users/jwu/Library/Python/3.9/lib/python/site-packages$nbconvert",
    "/Users/jwu/Library/Python/3.9/lib/python/site-packages$markupsafe",
    "/Users/jwu/Library/Python/3.9/lib/python/site-packages$gitlab",
    "/Users/jwu/Library/Python/3.9/lib/python/site-packages$jupyterlab_server",
    "/Users/jwu/Library/Python/3.9/lib/python/site-packages$keyring",
    "/Users/jwu/Library/Python/3.9/lib/python/site-packages$tornado",
    "/Users/jwu/.venv/dev-mpp/lib/python3.9/site-packages$libcst",
    "/Users/jwu/Library/Python/3.9/lib/python/site-packages$idna",
    "/Users/jwu/Library/Python/3.9/lib/python/site-packages$arrow",
    "/Users/jwu/Library/Python/3.9/lib/python/site-packages$pyrsistent",
    "/Users/jwu/Library/Python/3.9/lib/python/site-packages$filelock",
    "/Users/jwu/Library/Python/3.9/lib/python/site-packages$jupyter_server",
    "/Users/jwu/Library/Python/3.9/lib/python/site-packages$attrs",
    "/Users/jwu/Library/Python/3.9/lib/python/site-packages$parso",
    "/Users/jwu/.venv/dev-mpp/lib/python3.9/site-packages$pip",
    "/Users/jwu/Library/Python/3.9/lib/python/site-packages$executing",
    "/Users/jwu/Library/Python/3.9/lib/python/site-packages$tomli",
    "/Users/jwu/Library/Python/3.9/lib/python/site-packages$argon2",
    "/Users/jwu/Library/Python/3.9/lib/python/site-packages$exceptiongroup",
    "/Users/jwu/Library/Python/3.9/lib/python/site-packages$numpy",
    "/Users/jwu/Library/Python/3.9/lib/python/site-packages$terminado",
    "/Users/jwu/Library/Python/3.9/lib/python/site-packages$traitlets",
    "/Users/jwu/Library/Python/3.9/lib/python/site-packages$packaging",
    "/Users/jwu/Library/Python/3.9/lib/python/site-packages$soupsieve",
    "/Users/jwu/Library/Python/3.9/lib/python/site-packages$attr",
    "/Users/jwu/Library/Python/3.9/lib/python/site-packages$zmq",
    "/Users/jwu/Library/Python/3.9/lib/python/site-packages$anyio",
    "/Users/jwu/Library/Python/3.9/lib/python/site-packages$jupyter_core",
    "/Users/jwu/Library/Python/3.9/lib/python/site-packages$jupyter_client",
    "/Users/jwu/Library/Python/3.9/lib/python/site-packages$jinja2",
    "/Users/jwu/Library/Python/3.9/lib/python/site-packages$rdflib",
    "/Users/jwu/.venv/dev-mpp/lib/python3.9/site-packages$looseversion",
    "/Users/jwu/Library/Python/3.9/lib/python/site-packages$importlib_metadata",
    "/Users/jwu/Library/Python/3.9/lib/python/site-packages$prompt_toolkit",
    "/Users/jwu/Library/Python/3.9/lib/python/site-packages$click",
    "/Users/jwu/Library/Python/3.9/lib/python/site-packages$distro",
    "/Users/jwu/Library/Python/3.9/lib/python/site-packages$iso8601",
    "/Users/jwu/Library/Python/3.9/lib/python/site-packages$nbformat",
    "/Users/jwu/Library/Python/3.9/lib/python/site-packages$pyparsing",
    "/Users/jwu/Library/Python/3.9/lib/python/site-packages$asttokens",
    "/Users/jwu/Library/Python/3.9/lib/python/site-packages$prometheus_client",
    "/Users/jwu/.venv/dev-mpp/lib/python3.9/site-packages$marshmallow",
    "/Users/jwu/Library/Python/3.9/lib/python/site-packages$pytest",
    "/Users/jwu/Library/Python/3.9/lib/python/site-packages$sniffio",
    "/Users/jwu/.venv/dev-mpp/lib/python3.9/site-packages$dataclasses_json",
    "/Users/jwu/Library/Python/3.9/lib/python/site-packages$certifi",
    "/Users/jwu/.venv/dev-mpp/lib/python3.9/site-packages$typeguard",
    "/Users/jwu/.venv/dev-mpp/lib/python3.9/site-packages$coverage",
    "/Users/jwu/Library/Python/3.9/lib/python/site-packages$pure_eval",
    "/Users/jwu/.venv/dev-mpp/lib/pyre_check/typeshed/stdlib",
    "/Users/jwu/.venv/dev-mpp/lib/pyre_check/typeshed/stubs/DateTimeRange",
    "/Users/jwu/.venv/dev-mpp/lib/pyre_check/typeshed/stubs/Deprecated",
    "/Users/jwu/.venv/dev-mpp/lib/pyre_check/typeshed/stubs/Flask-Cors",
    "/Users/jwu/.venv/dev-mpp/lib/pyre_check/typeshed/stubs/Flask-SQLAlchemy",
    "/Users/jwu/.venv/dev-mpp/lib/pyre_check/typeshed/stubs/JACK-Client",
    "/Users/jwu/.venv/dev-mpp/lib/pyre_check/typeshed/stubs/Markdown",
    "/Users/jwu/.venv/dev-mpp/lib/pyre_check/typeshed/stubs/Pillow",
    "/Users/jwu/.venv/dev-mpp/lib/pyre_check/typeshed/stubs/PyMySQL",
    "/Users/jwu/.venv/dev-mpp/lib/pyre_check/typeshed/stubs/PyYAML",
    "/Users/jwu/.venv/dev-mpp/lib/pyre_check/typeshed/stubs/Pygments",
    "/Users/jwu/.venv/dev-mpp/lib/pyre_check/typeshed/stubs/SQLAlchemy",
    "/Users/jwu/.venv/dev-mpp/lib/pyre_check/typeshed/stubs/Send2Trash",
    "/Users/jwu/.venv/dev-mpp/lib/pyre_check/typeshed/stubs/aiofiles",
    "/Users/jwu/.venv/dev-mpp/lib/pyre_check/typeshed/stubs/annoy",
    "/Users/jwu/.venv/dev-mpp/lib/pyre_check/typeshed/stubs/appdirs",
    "/Users/jwu/.venv/dev-mpp/lib/pyre_check/typeshed/stubs/atomicwrites",
    "/Users/jwu/.venv/dev-mpp/lib/pyre_check/typeshed/stubs/aws-xray-sdk",
    "/Users/jwu/.venv/dev-mpp/lib/pyre_check/typeshed/stubs/babel",
    "/Users/jwu/.venv/dev-mpp/lib/pyre_check/typeshed/stubs/backports.ssl_match_hostname",
    "/Users/jwu/.venv/dev-mpp/lib/pyre_check/typeshed/stubs/beautifulsoup4",
    "/Users/jwu/.venv/dev-mpp/lib/pyre_check/typeshed/stubs/bleach",
    "/Users/jwu/.venv/dev-mpp/lib/pyre_check/typeshed/stubs/boto",
    "/Users/jwu/.venv/dev-mpp/lib/pyre_check/typeshed/stubs/braintree",
    "/Users/jwu/.venv/dev-mpp/lib/pyre_check/typeshed/stubs/cachetools",
    "/Users/jwu/.venv/dev-mpp/lib/pyre_check/typeshed/stubs/caldav",
    "/Users/jwu/.venv/dev-mpp/lib/pyre_check/typeshed/stubs/certifi",
    "/Users/jwu/.venv/dev-mpp/lib/pyre_check/typeshed/stubs/chardet",
    "/Users/jwu/.venv/dev-mpp/lib/pyre_check/typeshed/stubs/chevron",
    "/Users/jwu/.venv/dev-mpp/lib/pyre_check/typeshed/stubs/click-spinner",
    "/Users/jwu/.venv/dev-mpp/lib/pyre_check/typeshed/stubs/colorama",
    "/Users/jwu/.venv/dev-mpp/lib/pyre_check/typeshed/stubs/commonmark",
    "/Users/jwu/.venv/dev-mpp/lib/pyre_check/typeshed/stubs/contextvars",
    "/Users/jwu/.venv/dev-mpp/lib/pyre_check/typeshed/stubs/croniter",
    "/Users/jwu/.venv/dev-mpp/lib/pyre_check/typeshed/stubs/cryptography",
    "/Users/jwu/.venv/dev-mpp/lib/pyre_check/typeshed/stubs/dateparser",
    "/Users/jwu/.venv/dev-mpp/lib/pyre_check/typeshed/stubs/decorator",
    "/Users/jwu/.venv/dev-mpp/lib/pyre_check/typeshed/stubs/dj-database-url",
    "/Users/jwu/.venv/dev-mpp/lib/pyre_check/typeshed/stubs/docopt",
    "/Users/jwu/.venv/dev-mpp/lib/pyre_check/typeshed/stubs/docutils",
    "/Users/jwu/.venv/dev-mpp/lib/pyre_check/typeshed/stubs/editdistance",
    "/Users/jwu/.venv/dev-mpp/lib/pyre_check/typeshed/stubs/emoji",
    "/Users/jwu/.venv/dev-mpp/lib/pyre_check/typeshed/stubs/entrypoints",
    "/Users/jwu/.venv/dev-mpp/lib/pyre_check/typeshed/stubs/first",
    "/Users/jwu/.venv/dev-mpp/lib/pyre_check/typeshed/stubs/flake8-2020",
    "/Users/jwu/.venv/dev-mpp/lib/pyre_check/typeshed/stubs/flake8-bugbear",
    "/Users/jwu/.venv/dev-mpp/lib/pyre_check/typeshed/stubs/flake8-builtins",
    "/Users/jwu/.venv/dev-mpp/lib/pyre_check/typeshed/stubs/flake8-docstrings",
    "/Users/jwu/.venv/dev-mpp/lib/pyre_check/typeshed/stubs/flake8-plugin-utils",
    "/Users/jwu/.venv/dev-mpp/lib/pyre_check/typeshed/stubs/flake8-rst-docstrings",
    "/Users/jwu/.venv/dev-mpp/lib/pyre_check/typeshed/stubs/flake8-simplify",
    "/Users/jwu/.venv/dev-mpp/lib/pyre_check/typeshed/stubs/flake8-typing-imports",
    "/Users/jwu/.venv/dev-mpp/lib/pyre_check/typeshed/stubs/fpdf2",
    "/Users/jwu/.venv/dev-mpp/lib/pyre_check/typeshed/stubs/freezegun",
    "/Users/jwu/.venv/dev-mpp/lib/pyre_check/typeshed/stubs/gdb",
    "/Users/jwu/.venv/dev-mpp/lib/pyre_check/typeshed/stubs/google-cloud-ndb",
    "/Users/jwu/.venv/dev-mpp/lib/pyre_check/typeshed/stubs/hdbcli",
    "/Users/jwu/.venv/dev-mpp/lib/pyre_check/typeshed/stubs/html5lib",
    "/Users/jwu/.venv/dev-mpp/lib/pyre_check/typeshed/stubs/httplib2",
    "/Users/jwu/.venv/dev-mpp/lib/pyre_check/typeshed/stubs/humanfriendly",
    "/Users/jwu/.venv/dev-mpp/lib/pyre_check/typeshed/stubs/invoke",
    "/Users/jwu/.venv/dev-mpp/lib/pyre_check/typeshed/stubs/jmespath",
    "/Users/jwu/.venv/dev-mpp/lib/pyre_check/typeshed/stubs/jsonschema",
    "/Users/jwu/.venv/dev-mpp/lib/pyre_check/typeshed/stubs/ldap3",
    "/Users/jwu/.venv/dev-mpp/lib/pyre_check/typeshed/stubs/mock",
    "/Users/jwu/.venv/dev-mpp/lib/pyre_check/typeshed/stubs/mypy-extensions",
    "/Users/jwu/.venv/dev-mpp/lib/pyre_check/typeshed/stubs/mysqlclient",
    "/Users/jwu/.venv/dev-mpp/lib/pyre_check/typeshed/stubs/oauthlib",
    "/Users/jwu/.venv/dev-mpp/lib/pyre_check/typeshed/stubs/openpyxl",
    "/Users/jwu/.venv/dev-mpp/lib/pyre_check/typeshed/stubs/opentracing",
    "/Users/jwu/.venv/dev-mpp/lib/pyre_check/typeshed/stubs/paramiko",
    "/Users/jwu/.venv/dev-mpp/lib/pyre_check/typeshed/stubs/parsimonious",
    "/Users/jwu/.venv/dev-mpp/lib/pyre_check/typeshed/stubs/passlib",
    "/Users/jwu/.venv/dev-mpp/lib/pyre_check/typeshed/stubs/passpy",
    "/Users/jwu/.venv/dev-mpp/lib/pyre_check/typeshed/stubs/pep8-naming",
    "/Users/jwu/.venv/dev-mpp/lib/pyre_check/typeshed/stubs/playsound",
    "/Users/jwu/.venv/dev-mpp/lib/pyre_check/typeshed/stubs/polib",
    "/Users/jwu/.venv/dev-mpp/lib/pyre_check/typeshed/stubs/prettytable",
    "/Users/jwu/.venv/dev-mpp/lib/pyre_check/typeshed/stubs/protobuf",
    "/Users/jwu/.venv/dev-mpp/lib/pyre_check/typeshed/stubs/psutil",
    "/Users/jwu/.venv/dev-mpp/lib/pyre_check/typeshed/stubs/psycopg2",
    "/Users/jwu/.venv/dev-mpp/lib/pyre_check/typeshed/stubs/pyOpenSSL",
    "/Users/jwu/.venv/dev-mpp/lib/pyre_check/typeshed/stubs/pyRFC3339",
    "/Users/jwu/.venv/dev-mpp/lib/pyre_check/typeshed/stubs/pyaudio",
    "/Users/jwu/.venv/dev-mpp/lib/pyre_check/typeshed/stubs/pycurl",
    "/Users/jwu/.venv/dev-mpp/lib/pyre_check/typeshed/stubs/pyfarmhash",
    "/Users/jwu/.venv/dev-mpp/lib/pyre_check/typeshed/stubs/pyflakes",
    "/Users/jwu/.venv/dev-mpp/lib/pyre_check/typeshed/stubs/pynput",
    "/Users/jwu/.venv/dev-mpp/lib/pyre_check/typeshed/stubs/pysftp",
    "/Users/jwu/.venv/dev-mpp/lib/pyre_check/typeshed/stubs/pytest-lazy-fixture",
    "/Users/jwu/.venv/dev-mpp/lib/pyre_check/typeshed/stubs/python-dateutil",
    "/Users/jwu/.venv/dev-mpp/lib/pyre_check/typeshed/stubs/python-gflags",
    "/Users/jwu/.venv/dev-mpp/lib/pyre_check/typeshed/stubs/python-jose",
    "/Users/jwu/.venv/dev-mpp/lib/pyre_check/typeshed/stubs/python-nmap",
    "/Users/jwu/.venv/dev-mpp/lib/pyre_check/typeshed/stubs/python-slugify",
    "/Users/jwu/.venv/dev-mpp/lib/pyre_check/typeshed/stubs/pytz",
    "/Users/jwu/.venv/dev-mpp/lib/pyre_check/typeshed/stubs/pyvmomi",
    "/Users/jwu/.venv/dev-mpp/lib/pyre_check/typeshed/stubs/redis",
    "/Users/jwu/.venv/dev-mpp/lib/pyre_check/typeshed/stubs/regex",
    "/Users/jwu/.venv/dev-mpp/lib/pyre_check/typeshed/stubs/requests",
    "/Users/jwu/.venv/dev-mpp/lib/pyre_check/typeshed/stubs/retry",
    "/Users/jwu/.venv/dev-mpp/lib/pyre_check/typeshed/stubs/selenium",
    "/Users/jwu/.venv/dev-mpp/lib/pyre_check/typeshed/stubs/setuptools",
    "/Users/jwu/.venv/dev-mpp/lib/pyre_check/typeshed/stubs/simplejson",
    "/Users/jwu/.venv/dev-mpp/lib/pyre_check/typeshed/stubs/singledispatch",
    "/Users/jwu/.venv/dev-mpp/lib/pyre_check/typeshed/stubs/six",
    "/Users/jwu/.venv/dev-mpp/lib/pyre_check/typeshed/stubs/slumber",
    "/Users/jwu/.venv/dev-mpp/lib/pyre_check/typeshed/stubs/stdlib-list",
    "/Users/jwu/.venv/dev-mpp/lib/pyre_check/typeshed/stubs/stripe",
    "/Users/jwu/.venv/dev-mpp/lib/pyre_check/typeshed/stubs/tabulate",
    "/Users/jwu/.venv/dev-mpp/lib/pyre_check/typeshed/stubs/termcolor",
    "/Users/jwu/.venv/dev-mpp/lib/pyre_check/typeshed/stubs/toml",
    "/Users/jwu/.venv/dev-mpp/lib/pyre_check/typeshed/stubs/toposort",
    "/Users/jwu/.venv/dev-mpp/lib/pyre_check/typeshed/stubs/tqdm",
    "/Users/jwu/.venv/dev-mpp/lib/pyre_check/typeshed/stubs/ttkthemes",
    "/Users/jwu/.venv/dev-mpp/lib/pyre_check/typeshed/stubs/typed-ast",
    "/Users/jwu/.venv/dev-mpp/lib/pyre_check/typeshed/stubs/tzlocal",
    "/Users/jwu/.venv/dev-mpp/lib/pyre_check/typeshed/stubs/ujson",
    "/Users/jwu/.venv/dev-mpp/lib/pyre_check/typeshed/stubs/urllib3",
    "/Users/jwu/.venv/dev-mpp/lib/pyre_check/typeshed/stubs/vobject",
    "/Users/jwu/.venv/dev-mpp/lib/pyre_check/typeshed/stubs/waitress",
    "/Users/jwu/.venv/dev-mpp/lib/pyre_check/typeshed/stubs/whatthepatch",
    "/Users/jwu/.venv/dev-mpp/lib/pyre_check/typeshed/stubs/xmltodict",
    "/Users/jwu/.venv/dev-mpp/lib/pyre_check/typeshed/stubs/xxhash",
    "/Users/jwu/.venv/dev-mpp/lib/pyre_check/typeshed/stubs/zxcvbn"
  ],
  "excludes": [],
  "checked_directory_allowlist": [
    "/Users/jwu/cbpp_project/mpp"
  ],
  "checked_directory_blocklist": [],
  "extensions": [],
  "log_path": "/Users/jwu/cbpp_project/mpp/.pyre",
  "global_root": "/Users/jwu/cbpp_project/mpp",
  "debug": false,
  "python_version": {
    "major": 3,
    "minor": 9,
    "micro": 16
  },
  "shared_memory": {},
  "parallel": true,
  "number_of_workers": 3,
  "additional_logging_sections": [],
  "show_error_traces": false,
  "strict": false
}
2023-04-25 13:56:17,136 [PID 18819] INFO  Initializing shared memory [heap_size=8589934592, dep_table_pow=27, hash_table_pow=26]
2023-04-25 13:56:17,141 [PID 18819] INFO  Creating environment...
2023-04-25 13:56:17,142 [PID 18819] INFO  Building module tracker...
2023-04-25 13:56:17,982 [PID 18819] PERFORMANCE  Module tracker built: 0.840s
2023-04-25 13:56:18,095 [PID 18819] PERFORMANCE  Full environment built: 0.955s
2023-04-25 13:56:18,095 [PID 18819] INFO  Collecting all definitions...
2023-04-25 13:56:18,322 [PID 18819] PERFORMANCE  Collected definitions: 0.226s
2023-04-25 13:56:18,322 [PID 18819] INFO  Checking 342 functions...
2023-04-25 13:56:21,187 [PID 18819] INFO  Processed 342 of 342 functions
2023-04-25 13:56:21,187 [PID 18819] PERFORMANCE  Check_TypeCheck: 2.865s
2023-04-25 13:56:21,188 [PID 18819] MEMORY  Shared memory size post-typecheck (size: 5)
2023-04-25 13:56:21,188 [PID 18819] INFO  Postprocessing 19 sources...
2023-04-25 13:56:21,195 [PID 18819] INFO  Postprocessed 19 of 19 sources
2023-04-25 13:56:21,196 [PID 18819] PERFORMANCE  Check_Postprocessing: 0.009s
2023-04-25 13:56:21,196 [PID 18819] PERFORMANCE  Check: 4.055s
2023-04-25 13:56:21,237 [PID 18819] ERROR Found 62 type errors!
2023-04-25 20:05:08,505 [PID 27739] INFO No binary specified, looking for `pyre.bin` in PATH
2023-04-25 20:05:08,506 [PID 27739] INFO Could not determine the number of Pyre workers from configuration. Auto-set the value to 3.
2023-04-25 20:05:08,528 [PID 27739] INFO No typeshed specified, looking for it...
2023-04-25 20:05:08,528 [PID 27739] INFO Found: `/Users/jwu/.venv/dev-mpp/lib/pyre_check/typeshed`
2023-04-25 20:05:08,531 [PID 27739] INFO Writing arguments into /var/folders/95/9hy390h54g71pnyy7fmn4q4r0000gp/T/pyre_arguments_3q3u8jqj.json...
2023-04-25 20:05:08,531 [PID 27739] DEBUG Arguments:
{
  "source_paths": {
    "kind": "simple",
    "paths": [
      "/Users/jwu/cbpp_project/mpp"
    ]
  },
  "search_paths": [
    "/Users/jwu/Library/Python/3.9/lib/python/site-packages$pyparsing",
    "/Users/jwu/Library/Python/3.9/lib/python/site-packages$jupyterlab_server",
    "/Users/jwu/Library/Python/3.9/lib/python/site-packages$click",
    "/Users/jwu/Library/Python/3.9/lib/python/site-packages$_pytest",
    "/Users/jwu/Library/Python/3.9/lib/python/site-packages$exceptiongroup",
    "/Users/jwu/Library/Python/3.9/lib/python/site-packages$soupsieve",
    "/Users/jwu/Library/Python/3.9/lib/python/site-packages$parso",
    "/Users/jwu/.venv/dev-mpp/lib/python3.9/site-packages$pip",
    "/Users/jwu/.venv/dev-mpp/lib/python3.9/site-packages$dataclasses_json",
    "/Users/jwu/Library/Python/3.9/lib/python/site-packages$sniffio",
    "/Users/jwu/Library/Python/3.9/lib/python/site-packages$idna",
    "/Users/jwu/Library/Python/3.9/lib/python/site-packages$gitlab",
    "/Users/jwu/Library/Python/3.9/lib/python/site-packages$terminado",
    "/Users/jwu/Library/Python/3.9/lib/python/site-packages$pyrsistent",
    "/Users/jwu/Library/Python/3.9/lib/python/site-packages$prompt_toolkit",
    "/Users/jwu/Library/Python/3.9/lib/python/site-packages$filelock",
    "/Users/jwu/Library/Python/3.9/lib/python/site-packages$attrs",
    "/Users/jwu/Library/Python/3.9/lib/python/site-packages$nbformat",
    "/Users/jwu/Library/Python/3.9/lib/python/site-packages$pure_eval",
    "/Users/jwu/.venv/dev-mpp/lib/python3.9/site-packages$marshmallow",
    "/Users/jwu/Library/Python/3.9/lib/python/site-packages$ipykernel",
    "/Users/jwu/Library/Python/3.9/lib/python/site-packages$arrow",
    "/Users/jwu/Library/Python/3.9/lib/python/site-packages$tornado",
    "/Users/jwu/Library/Python/3.9/lib/python/site-packages$distro",
    "/Users/jwu/Library/Python/3.9/lib/python/site-packages$importlib_metadata",
    "/Users/jwu/Library/Python/3.9/lib/python/site-packages$zmq",
    "/Users/jwu/Library/Python/3.9/lib/python/site-packages$uri_template",
    "/Users/jwu/Library/Python/3.9/lib/python/site-packages$argon2",
    "/Users/jwu/Library/Python/3.9/lib/python/site-packages$jupyter_client",
    "/Users/jwu/Library/Python/3.9/lib/python/site-packages$executing",
    "/Users/jwu/Library/Python/3.9/lib/python/site-packages$anyio",
    "/Users/jwu/Library/Python/3.9/lib/python/site-packages$keyring",
    "/Users/jwu/Library/Python/3.9/lib/python/site-packages$nbclient",
    "/Users/jwu/Library/Python/3.9/lib/python/site-packages$kiwisolver",
    "/Users/jwu/Library/Python/3.9/lib/python/site-packages$stack_data",
    "/Users/jwu/Library/Python/3.9/lib/python/site-packages$humanize",
    "/Users/jwu/Library/Python/3.9/lib/python/site-packages$numpy",
    "/Users/jwu/Library/Python/3.9/lib/python/site-packages$rdflib",
    "/Users/jwu/Library/Python/3.9/lib/python/site-packages$prometheus_client",
    "/Users/jwu/Library/Python/3.9/lib/python/site-packages$jinja2",
    "/Users/jwu/Library/Python/3.9/lib/python/site-packages$platformdirs",
    "/Users/jwu/Library/Python/3.9/lib/python/site-packages$iso8601",
    "/Users/jwu/Library/Python/3.9/lib/python/site-packages$jupyter_server",
    "/Users/jwu/Library/Python/3.9/lib/python/site-packages$more_itertools",
    "/Users/jwu/.venv/dev-mpp/lib/python3.9/site-packages$libcst",
    "/Users/jwu/Library/Python/3.9/lib/python/site-packages$certifi",
    "/Users/jwu/Library/Python/3.9/lib/python/site-packages$asttokens",
    "/Users/jwu/.venv/dev-mpp/lib/python3.9/site-packages$looseversion",
    "/Users/jwu/Library/Python/3.9/lib/python/site-packages$markupsafe",
    "/Users/jwu/.venv/dev-mpp/lib/python3.9/site-packages$testslide",
    "/Users/jwu/Library/Python/3.9/lib/python/site-packages$attr",
    "/Users/jwu/Library/Python/3.9/lib/python/site-packages$pytest",
    "/Users/jwu/.venv/dev-mpp/lib/python3.9/site-packages$coverage",
    "/Users/jwu/.venv/dev-mpp/lib/python3.9/site-packages$typeguard",
    "/Users/jwu/Library/Python/3.9/lib/python/site-packages$iniconfig",
    "/Users/jwu/Library/Python/3.9/lib/python/site-packages$jupyter_core",
    "/Users/jwu/Library/Python/3.9/lib/python/site-packages$traitlets",
    "/Users/jwu/Library/Python/3.9/lib/python/site-packages$tomli",
    "/Users/jwu/Library/Python/3.9/lib/python/site-packages$charset_normalizer",
    "/Users/jwu/Library/Python/3.9/lib/python/site-packages$nbconvert",
    "/Users/jwu/Library/Python/3.9/lib/python/site-packages$packaging",
    "/Users/jwu/.venv/dev-mpp/lib/pyre_check/typeshed/stdlib",
    "/Users/jwu/.venv/dev-mpp/lib/pyre_check/typeshed/stubs/DateTimeRange",
    "/Users/jwu/.venv/dev-mpp/lib/pyre_check/typeshed/stubs/Deprecated",
    "/Users/jwu/.venv/dev-mpp/lib/pyre_check/typeshed/stubs/Flask-Cors",
    "/Users/jwu/.venv/dev-mpp/lib/pyre_check/typeshed/stubs/Flask-SQLAlchemy",
    "/Users/jwu/.venv/dev-mpp/lib/pyre_check/typeshed/stubs/JACK-Client",
    "/Users/jwu/.venv/dev-mpp/lib/pyre_check/typeshed/stubs/Markdown",
    "/Users/jwu/.venv/dev-mpp/lib/pyre_check/typeshed/stubs/Pillow",
    "/Users/jwu/.venv/dev-mpp/lib/pyre_check/typeshed/stubs/PyMySQL",
    "/Users/jwu/.venv/dev-mpp/lib/pyre_check/typeshed/stubs/PyYAML",
    "/Users/jwu/.venv/dev-mpp/lib/pyre_check/typeshed/stubs/Pygments",
    "/Users/jwu/.venv/dev-mpp/lib/pyre_check/typeshed/stubs/SQLAlchemy",
    "/Users/jwu/.venv/dev-mpp/lib/pyre_check/typeshed/stubs/Send2Trash",
    "/Users/jwu/.venv/dev-mpp/lib/pyre_check/typeshed/stubs/aiofiles",
    "/Users/jwu/.venv/dev-mpp/lib/pyre_check/typeshed/stubs/annoy",
    "/Users/jwu/.venv/dev-mpp/lib/pyre_check/typeshed/stubs/appdirs",
    "/Users/jwu/.venv/dev-mpp/lib/pyre_check/typeshed/stubs/atomicwrites",
    "/Users/jwu/.venv/dev-mpp/lib/pyre_check/typeshed/stubs/aws-xray-sdk",
    "/Users/jwu/.venv/dev-mpp/lib/pyre_check/typeshed/stubs/babel",
    "/Users/jwu/.venv/dev-mpp/lib/pyre_check/typeshed/stubs/backports.ssl_match_hostname",
    "/Users/jwu/.venv/dev-mpp/lib/pyre_check/typeshed/stubs/beautifulsoup4",
    "/Users/jwu/.venv/dev-mpp/lib/pyre_check/typeshed/stubs/bleach",
    "/Users/jwu/.venv/dev-mpp/lib/pyre_check/typeshed/stubs/boto",
    "/Users/jwu/.venv/dev-mpp/lib/pyre_check/typeshed/stubs/braintree",
    "/Users/jwu/.venv/dev-mpp/lib/pyre_check/typeshed/stubs/cachetools",
    "/Users/jwu/.venv/dev-mpp/lib/pyre_check/typeshed/stubs/caldav",
    "/Users/jwu/.venv/dev-mpp/lib/pyre_check/typeshed/stubs/certifi",
    "/Users/jwu/.venv/dev-mpp/lib/pyre_check/typeshed/stubs/chardet",
    "/Users/jwu/.venv/dev-mpp/lib/pyre_check/typeshed/stubs/chevron",
    "/Users/jwu/.venv/dev-mpp/lib/pyre_check/typeshed/stubs/click-spinner",
    "/Users/jwu/.venv/dev-mpp/lib/pyre_check/typeshed/stubs/colorama",
    "/Users/jwu/.venv/dev-mpp/lib/pyre_check/typeshed/stubs/commonmark",
    "/Users/jwu/.venv/dev-mpp/lib/pyre_check/typeshed/stubs/contextvars",
    "/Users/jwu/.venv/dev-mpp/lib/pyre_check/typeshed/stubs/croniter",
    "/Users/jwu/.venv/dev-mpp/lib/pyre_check/typeshed/stubs/cryptography",
    "/Users/jwu/.venv/dev-mpp/lib/pyre_check/typeshed/stubs/dateparser",
    "/Users/jwu/.venv/dev-mpp/lib/pyre_check/typeshed/stubs/decorator",
    "/Users/jwu/.venv/dev-mpp/lib/pyre_check/typeshed/stubs/dj-database-url",
    "/Users/jwu/.venv/dev-mpp/lib/pyre_check/typeshed/stubs/docopt",
    "/Users/jwu/.venv/dev-mpp/lib/pyre_check/typeshed/stubs/docutils",
    "/Users/jwu/.venv/dev-mpp/lib/pyre_check/typeshed/stubs/editdistance",
    "/Users/jwu/.venv/dev-mpp/lib/pyre_check/typeshed/stubs/emoji",
    "/Users/jwu/.venv/dev-mpp/lib/pyre_check/typeshed/stubs/entrypoints",
    "/Users/jwu/.venv/dev-mpp/lib/pyre_check/typeshed/stubs/first",
    "/Users/jwu/.venv/dev-mpp/lib/pyre_check/typeshed/stubs/flake8-2020",
    "/Users/jwu/.venv/dev-mpp/lib/pyre_check/typeshed/stubs/flake8-bugbear",
    "/Users/jwu/.venv/dev-mpp/lib/pyre_check/typeshed/stubs/flake8-builtins",
    "/Users/jwu/.venv/dev-mpp/lib/pyre_check/typeshed/stubs/flake8-docstrings",
    "/Users/jwu/.venv/dev-mpp/lib/pyre_check/typeshed/stubs/flake8-plugin-utils",
    "/Users/jwu/.venv/dev-mpp/lib/pyre_check/typeshed/stubs/flake8-rst-docstrings",
    "/Users/jwu/.venv/dev-mpp/lib/pyre_check/typeshed/stubs/flake8-simplify",
    "/Users/jwu/.venv/dev-mpp/lib/pyre_check/typeshed/stubs/flake8-typing-imports",
    "/Users/jwu/.venv/dev-mpp/lib/pyre_check/typeshed/stubs/fpdf2",
    "/Users/jwu/.venv/dev-mpp/lib/pyre_check/typeshed/stubs/freezegun",
    "/Users/jwu/.venv/dev-mpp/lib/pyre_check/typeshed/stubs/gdb",
    "/Users/jwu/.venv/dev-mpp/lib/pyre_check/typeshed/stubs/google-cloud-ndb",
    "/Users/jwu/.venv/dev-mpp/lib/pyre_check/typeshed/stubs/hdbcli",
    "/Users/jwu/.venv/dev-mpp/lib/pyre_check/typeshed/stubs/html5lib",
    "/Users/jwu/.venv/dev-mpp/lib/pyre_check/typeshed/stubs/httplib2",
    "/Users/jwu/.venv/dev-mpp/lib/pyre_check/typeshed/stubs/humanfriendly",
    "/Users/jwu/.venv/dev-mpp/lib/pyre_check/typeshed/stubs/invoke",
    "/Users/jwu/.venv/dev-mpp/lib/pyre_check/typeshed/stubs/jmespath",
    "/Users/jwu/.venv/dev-mpp/lib/pyre_check/typeshed/stubs/jsonschema",
    "/Users/jwu/.venv/dev-mpp/lib/pyre_check/typeshed/stubs/ldap3",
    "/Users/jwu/.venv/dev-mpp/lib/pyre_check/typeshed/stubs/mock",
    "/Users/jwu/.venv/dev-mpp/lib/pyre_check/typeshed/stubs/mypy-extensions",
    "/Users/jwu/.venv/dev-mpp/lib/pyre_check/typeshed/stubs/mysqlclient",
    "/Users/jwu/.venv/dev-mpp/lib/pyre_check/typeshed/stubs/oauthlib",
    "/Users/jwu/.venv/dev-mpp/lib/pyre_check/typeshed/stubs/openpyxl",
    "/Users/jwu/.venv/dev-mpp/lib/pyre_check/typeshed/stubs/opentracing",
    "/Users/jwu/.venv/dev-mpp/lib/pyre_check/typeshed/stubs/paramiko",
    "/Users/jwu/.venv/dev-mpp/lib/pyre_check/typeshed/stubs/parsimonious",
    "/Users/jwu/.venv/dev-mpp/lib/pyre_check/typeshed/stubs/passlib",
    "/Users/jwu/.venv/dev-mpp/lib/pyre_check/typeshed/stubs/passpy",
    "/Users/jwu/.venv/dev-mpp/lib/pyre_check/typeshed/stubs/pep8-naming",
    "/Users/jwu/.venv/dev-mpp/lib/pyre_check/typeshed/stubs/playsound",
    "/Users/jwu/.venv/dev-mpp/lib/pyre_check/typeshed/stubs/polib",
    "/Users/jwu/.venv/dev-mpp/lib/pyre_check/typeshed/stubs/prettytable",
    "/Users/jwu/.venv/dev-mpp/lib/pyre_check/typeshed/stubs/protobuf",
    "/Users/jwu/.venv/dev-mpp/lib/pyre_check/typeshed/stubs/psutil",
    "/Users/jwu/.venv/dev-mpp/lib/pyre_check/typeshed/stubs/psycopg2",
    "/Users/jwu/.venv/dev-mpp/lib/pyre_check/typeshed/stubs/pyOpenSSL",
    "/Users/jwu/.venv/dev-mpp/lib/pyre_check/typeshed/stubs/pyRFC3339",
    "/Users/jwu/.venv/dev-mpp/lib/pyre_check/typeshed/stubs/pyaudio",
    "/Users/jwu/.venv/dev-mpp/lib/pyre_check/typeshed/stubs/pycurl",
    "/Users/jwu/.venv/dev-mpp/lib/pyre_check/typeshed/stubs/pyfarmhash",
    "/Users/jwu/.venv/dev-mpp/lib/pyre_check/typeshed/stubs/pyflakes",
    "/Users/jwu/.venv/dev-mpp/lib/pyre_check/typeshed/stubs/pynput",
    "/Users/jwu/.venv/dev-mpp/lib/pyre_check/typeshed/stubs/pysftp",
    "/Users/jwu/.venv/dev-mpp/lib/pyre_check/typeshed/stubs/pytest-lazy-fixture",
    "/Users/jwu/.venv/dev-mpp/lib/pyre_check/typeshed/stubs/python-dateutil",
    "/Users/jwu/.venv/dev-mpp/lib/pyre_check/typeshed/stubs/python-gflags",
    "/Users/jwu/.venv/dev-mpp/lib/pyre_check/typeshed/stubs/python-jose",
    "/Users/jwu/.venv/dev-mpp/lib/pyre_check/typeshed/stubs/python-nmap",
    "/Users/jwu/.venv/dev-mpp/lib/pyre_check/typeshed/stubs/python-slugify",
    "/Users/jwu/.venv/dev-mpp/lib/pyre_check/typeshed/stubs/pytz",
    "/Users/jwu/.venv/dev-mpp/lib/pyre_check/typeshed/stubs/pyvmomi",
    "/Users/jwu/.venv/dev-mpp/lib/pyre_check/typeshed/stubs/redis",
    "/Users/jwu/.venv/dev-mpp/lib/pyre_check/typeshed/stubs/regex",
    "/Users/jwu/.venv/dev-mpp/lib/pyre_check/typeshed/stubs/requests",
    "/Users/jwu/.venv/dev-mpp/lib/pyre_check/typeshed/stubs/retry",
    "/Users/jwu/.venv/dev-mpp/lib/pyre_check/typeshed/stubs/selenium",
    "/Users/jwu/.venv/dev-mpp/lib/pyre_check/typeshed/stubs/setuptools",
    "/Users/jwu/.venv/dev-mpp/lib/pyre_check/typeshed/stubs/simplejson",
    "/Users/jwu/.venv/dev-mpp/lib/pyre_check/typeshed/stubs/singledispatch",
    "/Users/jwu/.venv/dev-mpp/lib/pyre_check/typeshed/stubs/six",
    "/Users/jwu/.venv/dev-mpp/lib/pyre_check/typeshed/stubs/slumber",
    "/Users/jwu/.venv/dev-mpp/lib/pyre_check/typeshed/stubs/stdlib-list",
    "/Users/jwu/.venv/dev-mpp/lib/pyre_check/typeshed/stubs/stripe",
    "/Users/jwu/.venv/dev-mpp/lib/pyre_check/typeshed/stubs/tabulate",
    "/Users/jwu/.venv/dev-mpp/lib/pyre_check/typeshed/stubs/termcolor",
    "/Users/jwu/.venv/dev-mpp/lib/pyre_check/typeshed/stubs/toml",
    "/Users/jwu/.venv/dev-mpp/lib/pyre_check/typeshed/stubs/toposort",
    "/Users/jwu/.venv/dev-mpp/lib/pyre_check/typeshed/stubs/tqdm",
    "/Users/jwu/.venv/dev-mpp/lib/pyre_check/typeshed/stubs/ttkthemes",
    "/Users/jwu/.venv/dev-mpp/lib/pyre_check/typeshed/stubs/typed-ast",
    "/Users/jwu/.venv/dev-mpp/lib/pyre_check/typeshed/stubs/tzlocal",
    "/Users/jwu/.venv/dev-mpp/lib/pyre_check/typeshed/stubs/ujson",
    "/Users/jwu/.venv/dev-mpp/lib/pyre_check/typeshed/stubs/urllib3",
    "/Users/jwu/.venv/dev-mpp/lib/pyre_check/typeshed/stubs/vobject",
    "/Users/jwu/.venv/dev-mpp/lib/pyre_check/typeshed/stubs/waitress",
    "/Users/jwu/.venv/dev-mpp/lib/pyre_check/typeshed/stubs/whatthepatch",
    "/Users/jwu/.venv/dev-mpp/lib/pyre_check/typeshed/stubs/xmltodict",
    "/Users/jwu/.venv/dev-mpp/lib/pyre_check/typeshed/stubs/xxhash",
    "/Users/jwu/.venv/dev-mpp/lib/pyre_check/typeshed/stubs/zxcvbn"
  ],
  "excludes": [],
  "checked_directory_allowlist": [
    "/Users/jwu/cbpp_project/mpp"
  ],
  "checked_directory_blocklist": [],
  "extensions": [],
  "log_path": "/Users/jwu/cbpp_project/mpp/.pyre",
  "global_root": "/Users/jwu/cbpp_project/mpp",
  "debug": false,
  "python_version": {
    "major": 3,
    "minor": 9,
    "micro": 16
  },
  "shared_memory": {},
  "parallel": true,
  "number_of_workers": 3,
  "additional_logging_sections": [],
  "show_error_traces": false,
  "strict": false
}
2023-04-25 20:05:08,721 [PID 27739] INFO  Initializing shared memory [heap_size=8589934592, dep_table_pow=27, hash_table_pow=26]
2023-04-25 20:05:08,728 [PID 27739] INFO  Creating environment...
2023-04-25 20:05:08,729 [PID 27739] INFO  Building module tracker...
2023-04-25 20:05:09,366 [PID 27739] PERFORMANCE  Module tracker built: 0.636s
2023-04-25 20:05:09,443 [PID 27739] PERFORMANCE  Full environment built: 0.716s
2023-04-25 20:05:09,443 [PID 27739] INFO  Collecting all definitions...
2023-04-25 20:05:09,580 [PID 27739] PERFORMANCE  Collected definitions: 0.137s
2023-04-25 20:05:09,580 [PID 27739] INFO  Checking 263 functions...
2023-04-25 20:05:11,781 [PID 27739] INFO  Processed 263 of 263 functions
2023-04-25 20:05:11,781 [PID 27739] PERFORMANCE  Check_TypeCheck: 2.201s
2023-04-25 20:05:11,781 [PID 27739] MEMORY  Shared memory size post-typecheck (size: 4)
2023-04-25 20:05:11,781 [PID 27739] INFO  Postprocessing 19 sources...
2023-04-25 20:05:11,792 [PID 27739] INFO  Postprocessed 19 of 19 sources
2023-04-25 20:05:11,793 [PID 27739] PERFORMANCE  Check_Postprocessing: 0.012s
2023-04-25 20:05:11,793 [PID 27739] PERFORMANCE  Check: 3.066s
2023-04-25 20:05:11,827 [PID 27739] ERROR Found 115 type errors!
2023-04-25 20:08:11,770 [PID 27839] INFO No binary specified, looking for `pyre.bin` in PATH
2023-04-25 20:08:11,771 [PID 27839] INFO Could not determine the number of Pyre workers from configuration. Auto-set the value to 3.
2023-04-25 20:08:11,785 [PID 27839] INFO No typeshed specified, looking for it...
2023-04-25 20:08:11,785 [PID 27839] INFO Found: `/Users/jwu/.venv/dev-mpp/lib/pyre_check/typeshed`
2023-04-25 20:08:11,787 [PID 27839] INFO Writing arguments into /var/folders/95/9hy390h54g71pnyy7fmn4q4r0000gp/T/pyre_arguments_y11tp5s_.json...
2023-04-25 20:08:11,788 [PID 27839] DEBUG Arguments:
{
  "source_paths": {
    "kind": "simple",
    "paths": [
      "/Users/jwu/cbpp_project/mpp"
    ]
  },
  "search_paths": [
    "/Users/jwu/Library/Python/3.9/lib/python/site-packages$nbconvert",
    "/Users/jwu/.venv/dev-mpp/lib/python3.9/site-packages$looseversion",
    "/Users/jwu/.venv/dev-mpp/lib/python3.9/site-packages$dataclasses_json",
    "/Users/jwu/Library/Python/3.9/lib/python/site-packages$pytest",
    "/Users/jwu/Library/Python/3.9/lib/python/site-packages$charset_normalizer",
    "/Users/jwu/.venv/dev-mpp/lib/python3.9/site-packages$testslide",
    "/Users/jwu/Library/Python/3.9/lib/python/site-packages$arrow",
    "/Users/jwu/Library/Python/3.9/lib/python/site-packages$stack_data",
    "/Users/jwu/Library/Python/3.9/lib/python/site-packages$jupyter_client",
    "/Users/jwu/Library/Python/3.9/lib/python/site-packages$importlib_metadata",
    "/Users/jwu/Library/Python/3.9/lib/python/site-packages$pure_eval",
    "/Users/jwu/Library/Python/3.9/lib/python/site-packages$anyio",
    "/Users/jwu/Library/Python/3.9/lib/python/site-packages$jupyter_server",
    "/Users/jwu/Library/Python/3.9/lib/python/site-packages$traitlets",
    "/Users/jwu/.venv/dev-mpp/lib/python3.9/site-packages$libcst",
    "/Users/jwu/Library/Python/3.9/lib/python/site-packages$certifi",
    "/Users/jwu/.venv/dev-mpp/lib/python3.9/site-packages$coverage",
    "/Users/jwu/Library/Python/3.9/lib/python/site-packages$zmq",
    "/Users/jwu/Library/Python/3.9/lib/python/site-packages$attrs",
    "/Users/jwu/Library/Python/3.9/lib/python/site-packages$idna",
    "/Users/jwu/Library/Python/3.9/lib/python/site-packages$packaging",
    "/Users/jwu/Library/Python/3.9/lib/python/site-packages$jupyter_core",
    "/Users/jwu/Library/Python/3.9/lib/python/site-packages$argon2",
    "/Users/jwu/Library/Python/3.9/lib/python/site-packages$rdflib",
    "/Users/jwu/Library/Python/3.9/lib/python/site-packages$sniffio",
    "/Users/jwu/Library/Python/3.9/lib/python/site-packages$markupsafe",
    "/Users/jwu/Library/Python/3.9/lib/python/site-packages$pyrsistent",
    "/Users/jwu/.venv/dev-mpp/lib/python3.9/site-packages$pip",
    "/Users/jwu/Library/Python/3.9/lib/python/site-packages$jupyterlab_server",
    "/Users/jwu/Library/Python/3.9/lib/python/site-packages$humanize",
    "/Users/jwu/Library/Python/3.9/lib/python/site-packages$attr",
    "/Users/jwu/Library/Python/3.9/lib/python/site-packages$_pytest",
    "/Users/jwu/Library/Python/3.9/lib/python/site-packages$nbclient",
    "/Users/jwu/Library/Python/3.9/lib/python/site-packages$uri_template",
    "/Users/jwu/Library/Python/3.9/lib/python/site-packages$iso8601",
    "/Users/jwu/Library/Python/3.9/lib/python/site-packages$parso",
    "/Users/jwu/Library/Python/3.9/lib/python/site-packages$prompt_toolkit",
    "/Users/jwu/Library/Python/3.9/lib/python/site-packages$jinja2",
    "/Users/jwu/Library/Python/3.9/lib/python/site-packages$kiwisolver",
    "/Users/jwu/Library/Python/3.9/lib/python/site-packages$executing",
    "/Users/jwu/Library/Python/3.9/lib/python/site-packages$platformdirs",
    "/Users/jwu/Library/Python/3.9/lib/python/site-packages$iniconfig",
    "/Users/jwu/Library/Python/3.9/lib/python/site-packages$prometheus_client",
    "/Users/jwu/Library/Python/3.9/lib/python/site-packages$exceptiongroup",
    "/Users/jwu/Library/Python/3.9/lib/python/site-packages$keyring",
    "/Users/jwu/Library/Python/3.9/lib/python/site-packages$more_itertools",
    "/Users/jwu/Library/Python/3.9/lib/python/site-packages$tornado",
    "/Users/jwu/Library/Python/3.9/lib/python/site-packages$soupsieve",
    "/Users/jwu/.venv/dev-mpp/lib/python3.9/site-packages$marshmallow",
    "/Users/jwu/.venv/dev-mpp/lib/python3.9/site-packages$typeguard",
    "/Users/jwu/Library/Python/3.9/lib/python/site-packages$gitlab",
    "/Users/jwu/Library/Python/3.9/lib/python/site-packages$ipykernel",
    "/Users/jwu/Library/Python/3.9/lib/python/site-packages$asttokens",
    "/Users/jwu/Library/Python/3.9/lib/python/site-packages$pyparsing",
    "/Users/jwu/Library/Python/3.9/lib/python/site-packages$nbformat",
    "/Users/jwu/Library/Python/3.9/lib/python/site-packages$distro",
    "/Users/jwu/Library/Python/3.9/lib/python/site-packages$click",
    "/Users/jwu/Library/Python/3.9/lib/python/site-packages$terminado",
    "/Users/jwu/Library/Python/3.9/lib/python/site-packages$filelock",
    "/Users/jwu/Library/Python/3.9/lib/python/site-packages$numpy",
    "/Users/jwu/Library/Python/3.9/lib/python/site-packages$tomli",
    "/Users/jwu/.venv/dev-mpp/lib/pyre_check/typeshed/stdlib",
    "/Users/jwu/.venv/dev-mpp/lib/pyre_check/typeshed/stubs/DateTimeRange",
    "/Users/jwu/.venv/dev-mpp/lib/pyre_check/typeshed/stubs/Deprecated",
    "/Users/jwu/.venv/dev-mpp/lib/pyre_check/typeshed/stubs/Flask-Cors",
    "/Users/jwu/.venv/dev-mpp/lib/pyre_check/typeshed/stubs/Flask-SQLAlchemy",
    "/Users/jwu/.venv/dev-mpp/lib/pyre_check/typeshed/stubs/JACK-Client",
    "/Users/jwu/.venv/dev-mpp/lib/pyre_check/typeshed/stubs/Markdown",
    "/Users/jwu/.venv/dev-mpp/lib/pyre_check/typeshed/stubs/Pillow",
    "/Users/jwu/.venv/dev-mpp/lib/pyre_check/typeshed/stubs/PyMySQL",
    "/Users/jwu/.venv/dev-mpp/lib/pyre_check/typeshed/stubs/PyYAML",
    "/Users/jwu/.venv/dev-mpp/lib/pyre_check/typeshed/stubs/Pygments",
    "/Users/jwu/.venv/dev-mpp/lib/pyre_check/typeshed/stubs/SQLAlchemy",
    "/Users/jwu/.venv/dev-mpp/lib/pyre_check/typeshed/stubs/Send2Trash",
    "/Users/jwu/.venv/dev-mpp/lib/pyre_check/typeshed/stubs/aiofiles",
    "/Users/jwu/.venv/dev-mpp/lib/pyre_check/typeshed/stubs/annoy",
    "/Users/jwu/.venv/dev-mpp/lib/pyre_check/typeshed/stubs/appdirs",
    "/Users/jwu/.venv/dev-mpp/lib/pyre_check/typeshed/stubs/atomicwrites",
    "/Users/jwu/.venv/dev-mpp/lib/pyre_check/typeshed/stubs/aws-xray-sdk",
    "/Users/jwu/.venv/dev-mpp/lib/pyre_check/typeshed/stubs/babel",
    "/Users/jwu/.venv/dev-mpp/lib/pyre_check/typeshed/stubs/backports.ssl_match_hostname",
    "/Users/jwu/.venv/dev-mpp/lib/pyre_check/typeshed/stubs/beautifulsoup4",
    "/Users/jwu/.venv/dev-mpp/lib/pyre_check/typeshed/stubs/bleach",
    "/Users/jwu/.venv/dev-mpp/lib/pyre_check/typeshed/stubs/boto",
    "/Users/jwu/.venv/dev-mpp/lib/pyre_check/typeshed/stubs/braintree",
    "/Users/jwu/.venv/dev-mpp/lib/pyre_check/typeshed/stubs/cachetools",
    "/Users/jwu/.venv/dev-mpp/lib/pyre_check/typeshed/stubs/caldav",
    "/Users/jwu/.venv/dev-mpp/lib/pyre_check/typeshed/stubs/certifi",
    "/Users/jwu/.venv/dev-mpp/lib/pyre_check/typeshed/stubs/chardet",
    "/Users/jwu/.venv/dev-mpp/lib/pyre_check/typeshed/stubs/chevron",
    "/Users/jwu/.venv/dev-mpp/lib/pyre_check/typeshed/stubs/click-spinner",
    "/Users/jwu/.venv/dev-mpp/lib/pyre_check/typeshed/stubs/colorama",
    "/Users/jwu/.venv/dev-mpp/lib/pyre_check/typeshed/stubs/commonmark",
    "/Users/jwu/.venv/dev-mpp/lib/pyre_check/typeshed/stubs/contextvars",
    "/Users/jwu/.venv/dev-mpp/lib/pyre_check/typeshed/stubs/croniter",
    "/Users/jwu/.venv/dev-mpp/lib/pyre_check/typeshed/stubs/cryptography",
    "/Users/jwu/.venv/dev-mpp/lib/pyre_check/typeshed/stubs/dateparser",
    "/Users/jwu/.venv/dev-mpp/lib/pyre_check/typeshed/stubs/decorator",
    "/Users/jwu/.venv/dev-mpp/lib/pyre_check/typeshed/stubs/dj-database-url",
    "/Users/jwu/.venv/dev-mpp/lib/pyre_check/typeshed/stubs/docopt",
    "/Users/jwu/.venv/dev-mpp/lib/pyre_check/typeshed/stubs/docutils",
    "/Users/jwu/.venv/dev-mpp/lib/pyre_check/typeshed/stubs/editdistance",
    "/Users/jwu/.venv/dev-mpp/lib/pyre_check/typeshed/stubs/emoji",
    "/Users/jwu/.venv/dev-mpp/lib/pyre_check/typeshed/stubs/entrypoints",
    "/Users/jwu/.venv/dev-mpp/lib/pyre_check/typeshed/stubs/first",
    "/Users/jwu/.venv/dev-mpp/lib/pyre_check/typeshed/stubs/flake8-2020",
    "/Users/jwu/.venv/dev-mpp/lib/pyre_check/typeshed/stubs/flake8-bugbear",
    "/Users/jwu/.venv/dev-mpp/lib/pyre_check/typeshed/stubs/flake8-builtins",
    "/Users/jwu/.venv/dev-mpp/lib/pyre_check/typeshed/stubs/flake8-docstrings",
    "/Users/jwu/.venv/dev-mpp/lib/pyre_check/typeshed/stubs/flake8-plugin-utils",
    "/Users/jwu/.venv/dev-mpp/lib/pyre_check/typeshed/stubs/flake8-rst-docstrings",
    "/Users/jwu/.venv/dev-mpp/lib/pyre_check/typeshed/stubs/flake8-simplify",
    "/Users/jwu/.venv/dev-mpp/lib/pyre_check/typeshed/stubs/flake8-typing-imports",
    "/Users/jwu/.venv/dev-mpp/lib/pyre_check/typeshed/stubs/fpdf2",
    "/Users/jwu/.venv/dev-mpp/lib/pyre_check/typeshed/stubs/freezegun",
    "/Users/jwu/.venv/dev-mpp/lib/pyre_check/typeshed/stubs/gdb",
    "/Users/jwu/.venv/dev-mpp/lib/pyre_check/typeshed/stubs/google-cloud-ndb",
    "/Users/jwu/.venv/dev-mpp/lib/pyre_check/typeshed/stubs/hdbcli",
    "/Users/jwu/.venv/dev-mpp/lib/pyre_check/typeshed/stubs/html5lib",
    "/Users/jwu/.venv/dev-mpp/lib/pyre_check/typeshed/stubs/httplib2",
    "/Users/jwu/.venv/dev-mpp/lib/pyre_check/typeshed/stubs/humanfriendly",
    "/Users/jwu/.venv/dev-mpp/lib/pyre_check/typeshed/stubs/invoke",
    "/Users/jwu/.venv/dev-mpp/lib/pyre_check/typeshed/stubs/jmespath",
    "/Users/jwu/.venv/dev-mpp/lib/pyre_check/typeshed/stubs/jsonschema",
    "/Users/jwu/.venv/dev-mpp/lib/pyre_check/typeshed/stubs/ldap3",
    "/Users/jwu/.venv/dev-mpp/lib/pyre_check/typeshed/stubs/mock",
    "/Users/jwu/.venv/dev-mpp/lib/pyre_check/typeshed/stubs/mypy-extensions",
    "/Users/jwu/.venv/dev-mpp/lib/pyre_check/typeshed/stubs/mysqlclient",
    "/Users/jwu/.venv/dev-mpp/lib/pyre_check/typeshed/stubs/oauthlib",
    "/Users/jwu/.venv/dev-mpp/lib/pyre_check/typeshed/stubs/openpyxl",
    "/Users/jwu/.venv/dev-mpp/lib/pyre_check/typeshed/stubs/opentracing",
    "/Users/jwu/.venv/dev-mpp/lib/pyre_check/typeshed/stubs/paramiko",
    "/Users/jwu/.venv/dev-mpp/lib/pyre_check/typeshed/stubs/parsimonious",
    "/Users/jwu/.venv/dev-mpp/lib/pyre_check/typeshed/stubs/passlib",
    "/Users/jwu/.venv/dev-mpp/lib/pyre_check/typeshed/stubs/passpy",
    "/Users/jwu/.venv/dev-mpp/lib/pyre_check/typeshed/stubs/pep8-naming",
    "/Users/jwu/.venv/dev-mpp/lib/pyre_check/typeshed/stubs/playsound",
    "/Users/jwu/.venv/dev-mpp/lib/pyre_check/typeshed/stubs/polib",
    "/Users/jwu/.venv/dev-mpp/lib/pyre_check/typeshed/stubs/prettytable",
    "/Users/jwu/.venv/dev-mpp/lib/pyre_check/typeshed/stubs/protobuf",
    "/Users/jwu/.venv/dev-mpp/lib/pyre_check/typeshed/stubs/psutil",
    "/Users/jwu/.venv/dev-mpp/lib/pyre_check/typeshed/stubs/psycopg2",
    "/Users/jwu/.venv/dev-mpp/lib/pyre_check/typeshed/stubs/pyOpenSSL",
    "/Users/jwu/.venv/dev-mpp/lib/pyre_check/typeshed/stubs/pyRFC3339",
    "/Users/jwu/.venv/dev-mpp/lib/pyre_check/typeshed/stubs/pyaudio",
    "/Users/jwu/.venv/dev-mpp/lib/pyre_check/typeshed/stubs/pycurl",
    "/Users/jwu/.venv/dev-mpp/lib/pyre_check/typeshed/stubs/pyfarmhash",
    "/Users/jwu/.venv/dev-mpp/lib/pyre_check/typeshed/stubs/pyflakes",
    "/Users/jwu/.venv/dev-mpp/lib/pyre_check/typeshed/stubs/pynput",
    "/Users/jwu/.venv/dev-mpp/lib/pyre_check/typeshed/stubs/pysftp",
    "/Users/jwu/.venv/dev-mpp/lib/pyre_check/typeshed/stubs/pytest-lazy-fixture",
    "/Users/jwu/.venv/dev-mpp/lib/pyre_check/typeshed/stubs/python-dateutil",
    "/Users/jwu/.venv/dev-mpp/lib/pyre_check/typeshed/stubs/python-gflags",
    "/Users/jwu/.venv/dev-mpp/lib/pyre_check/typeshed/stubs/python-jose",
    "/Users/jwu/.venv/dev-mpp/lib/pyre_check/typeshed/stubs/python-nmap",
    "/Users/jwu/.venv/dev-mpp/lib/pyre_check/typeshed/stubs/python-slugify",
    "/Users/jwu/.venv/dev-mpp/lib/pyre_check/typeshed/stubs/pytz",
    "/Users/jwu/.venv/dev-mpp/lib/pyre_check/typeshed/stubs/pyvmomi",
    "/Users/jwu/.venv/dev-mpp/lib/pyre_check/typeshed/stubs/redis",
    "/Users/jwu/.venv/dev-mpp/lib/pyre_check/typeshed/stubs/regex",
    "/Users/jwu/.venv/dev-mpp/lib/pyre_check/typeshed/stubs/requests",
    "/Users/jwu/.venv/dev-mpp/lib/pyre_check/typeshed/stubs/retry",
    "/Users/jwu/.venv/dev-mpp/lib/pyre_check/typeshed/stubs/selenium",
    "/Users/jwu/.venv/dev-mpp/lib/pyre_check/typeshed/stubs/setuptools",
    "/Users/jwu/.venv/dev-mpp/lib/pyre_check/typeshed/stubs/simplejson",
    "/Users/jwu/.venv/dev-mpp/lib/pyre_check/typeshed/stubs/singledispatch",
    "/Users/jwu/.venv/dev-mpp/lib/pyre_check/typeshed/stubs/six",
    "/Users/jwu/.venv/dev-mpp/lib/pyre_check/typeshed/stubs/slumber",
    "/Users/jwu/.venv/dev-mpp/lib/pyre_check/typeshed/stubs/stdlib-list",
    "/Users/jwu/.venv/dev-mpp/lib/pyre_check/typeshed/stubs/stripe",
    "/Users/jwu/.venv/dev-mpp/lib/pyre_check/typeshed/stubs/tabulate",
    "/Users/jwu/.venv/dev-mpp/lib/pyre_check/typeshed/stubs/termcolor",
    "/Users/jwu/.venv/dev-mpp/lib/pyre_check/typeshed/stubs/toml",
    "/Users/jwu/.venv/dev-mpp/lib/pyre_check/typeshed/stubs/toposort",
    "/Users/jwu/.venv/dev-mpp/lib/pyre_check/typeshed/stubs/tqdm",
    "/Users/jwu/.venv/dev-mpp/lib/pyre_check/typeshed/stubs/ttkthemes",
    "/Users/jwu/.venv/dev-mpp/lib/pyre_check/typeshed/stubs/typed-ast",
    "/Users/jwu/.venv/dev-mpp/lib/pyre_check/typeshed/stubs/tzlocal",
    "/Users/jwu/.venv/dev-mpp/lib/pyre_check/typeshed/stubs/ujson",
    "/Users/jwu/.venv/dev-mpp/lib/pyre_check/typeshed/stubs/urllib3",
    "/Users/jwu/.venv/dev-mpp/lib/pyre_check/typeshed/stubs/vobject",
    "/Users/jwu/.venv/dev-mpp/lib/pyre_check/typeshed/stubs/waitress",
    "/Users/jwu/.venv/dev-mpp/lib/pyre_check/typeshed/stubs/whatthepatch",
    "/Users/jwu/.venv/dev-mpp/lib/pyre_check/typeshed/stubs/xmltodict",
    "/Users/jwu/.venv/dev-mpp/lib/pyre_check/typeshed/stubs/xxhash",
    "/Users/jwu/.venv/dev-mpp/lib/pyre_check/typeshed/stubs/zxcvbn"
  ],
  "excludes": [],
  "checked_directory_allowlist": [
    "/Users/jwu/cbpp_project/mpp"
  ],
  "checked_directory_blocklist": [],
  "extensions": [],
  "log_path": "/Users/jwu/cbpp_project/mpp/.pyre",
  "global_root": "/Users/jwu/cbpp_project/mpp",
  "debug": false,
  "python_version": {
    "major": 3,
    "minor": 9,
    "micro": 16
  },
  "shared_memory": {},
  "parallel": true,
  "number_of_workers": 3,
  "additional_logging_sections": [],
  "show_error_traces": false,
  "strict": false
}
2023-04-25 20:08:11,842 [PID 27839] INFO  Initializing shared memory [heap_size=8589934592, dep_table_pow=27, hash_table_pow=26]
2023-04-25 20:08:11,846 [PID 27839] INFO  Creating environment...
2023-04-25 20:08:11,846 [PID 27839] INFO  Building module tracker...
2023-04-25 20:08:12,364 [PID 27839] PERFORMANCE  Module tracker built: 0.518s
2023-04-25 20:08:12,427 [PID 27839] PERFORMANCE  Full environment built: 0.582s
2023-04-25 20:08:12,427 [PID 27839] INFO  Collecting all definitions...
2023-04-25 20:08:12,565 [PID 27839] PERFORMANCE  Collected definitions: 0.138s
2023-04-25 20:08:12,565 [PID 27839] INFO  Checking 263 functions...
2023-04-25 20:08:14,674 [PID 27839] INFO  Processed 263 of 263 functions
2023-04-25 20:08:14,674 [PID 27839] PERFORMANCE  Check_TypeCheck: 2.109s
2023-04-25 20:08:14,674 [PID 27839] MEMORY  Shared memory size post-typecheck (size: 4)
2023-04-25 20:08:14,674 [PID 27839] INFO  Postprocessing 19 sources...
2023-04-25 20:08:14,682 [PID 27839] INFO  Postprocessed 19 of 19 sources
2023-04-25 20:08:14,683 [PID 27839] PERFORMANCE  Check_Postprocessing: 0.009s
2023-04-25 20:08:14,683 [PID 27839] PERFORMANCE  Check: 2.838s
2023-04-25 20:08:14,722 [PID 27839] ERROR Found 104 type errors!
